2026-02-07 10:40:38 +01:00:   ▲ Next.js 14.2.35
2026-02-07 10:40:38 +01:00:   - Local:        http://localhost:3000
2026-02-07 10:40:38 +01:00: 
2026-02-07 10:40:38 +01:00:  ✓ Starting...
2026-02-07 10:40:38 +01:00:  ✓ Ready in 433ms
2026-02-07 11:16:23 +01:00:   ▲ Next.js 14.2.35
2026-02-07 11:16:23 +01:00:   - Local:        http://localhost:3000
2026-02-07 11:16:23 +01:00: 
2026-02-07 11:16:23 +01:00:  ✓ Starting...
2026-02-07 11:16:24 +01:00:  ✓ Ready in 760ms
2026-02-07 11:33:52 +01:00:   ▲ Next.js 14.2.35
2026-02-07 11:33:52 +01:00:   - Local:        http://localhost:3000
2026-02-07 11:33:52 +01:00: 
2026-02-07 11:33:52 +01:00:  ✓ Starting...
2026-02-07 11:33:52 +01:00:  ✓ Ready in 603ms
2026-02-07 11:37:01 +01:00:   ▲ Next.js 14.2.35
2026-02-07 11:37:01 +01:00:   - Local:        http://localhost:3000
2026-02-07 11:37:01 +01:00: 
2026-02-07 11:37:01 +01:00:  ✓ Starting...
2026-02-07 11:37:01 +01:00:  ✓ Ready in 582ms
2026-02-07 11:44:17 +01:00:   ▲ Next.js 14.2.35
2026-02-07 11:44:17 +01:00:   - Local:        http://localhost:3000
2026-02-07 11:44:17 +01:00: 
2026-02-07 11:44:17 +01:00:  ✓ Starting...
2026-02-07 11:44:17 +01:00:  ✓ Ready in 602ms
2026-02-07 12:05:11 +01:00:   ▲ Next.js 14.2.35
2026-02-07 12:05:11 +01:00:   - Local:        http://localhost:3000
2026-02-07 12:05:11 +01:00: 
2026-02-07 12:05:11 +01:00:  ✓ Starting...
2026-02-07 12:05:11 +01:00:  ✓ Ready in 624ms
2026-02-07 14:05:03 +01:00:   ▲ Next.js 14.2.35
2026-02-07 14:05:03 +01:00:   - Local:        http://localhost:3000
2026-02-07 14:05:03 +01:00: 
2026-02-07 14:05:03 +01:00:  ✓ Starting...
2026-02-07 14:05:04 +01:00:  ✓ Ready in 452ms
2026-02-07 14:06:34 +01:00:   ▲ Next.js 14.2.35
2026-02-07 14:06:34 +01:00:   - Local:        http://localhost:3000
2026-02-07 14:06:34 +01:00: 
2026-02-07 14:06:34 +01:00:  ✓ Starting...
2026-02-07 14:06:34 +01:00:  ✓ Ready in 418ms
2026-02-07 14:11:06 +01:00:   ▲ Next.js 14.2.35
2026-02-07 14:11:06 +01:00:   - Local:        http://localhost:3000
2026-02-07 14:11:06 +01:00: 
2026-02-07 14:11:06 +01:00:  ✓ Starting...
2026-02-07 14:11:06 +01:00:  ✓ Ready in 420ms
2026-02-07 14:14:39 +01:00:   ▲ Next.js 14.2.35
2026-02-07 14:14:39 +01:00:   - Local:        http://localhost:3000
2026-02-07 14:14:39 +01:00: 
2026-02-07 14:14:39 +01:00:  ✓ Starting...
2026-02-07 14:14:39 +01:00:  ✓ Ready in 530ms
2026-02-07 14:15:49 +01:00:   ▲ Next.js 14.2.35
2026-02-07 14:15:49 +01:00:   - Local:        http://localhost:3000
2026-02-07 14:15:49 +01:00: 
2026-02-07 14:15:49 +01:00:  ✓ Starting...
2026-02-07 14:15:49 +01:00:  ✓ Ready in 420ms
2026-02-07 14:17:10 +01:00:   ▲ Next.js 14.2.35
2026-02-07 14:17:10 +01:00:   - Local:        http://localhost:3000
2026-02-07 14:17:10 +01:00: 
2026-02-07 14:17:10 +01:00:  ✓ Starting...
2026-02-07 14:17:10 +01:00:  ✓ Ready in 429ms
2026-02-07 14:18:54 +01:00:   ▲ Next.js 14.2.35
2026-02-07 14:18:54 +01:00:   - Local:        http://localhost:3000
2026-02-07 14:18:54 +01:00: 
2026-02-07 14:18:54 +01:00:  ✓ Starting...
2026-02-07 14:18:55 +01:00:  ✓ Ready in 414ms
2026-02-07 14:22:28 +01:00:   ▲ Next.js 14.2.35
2026-02-07 14:22:28 +01:00:   - Local:        http://localhost:3000
2026-02-07 14:22:28 +01:00: 
2026-02-07 14:22:28 +01:00:  ✓ Starting...
2026-02-07 14:22:29 +01:00:  ✓ Ready in 413ms
2026-02-07 14:25:07 +01:00:   ▲ Next.js 14.2.35
2026-02-07 14:25:07 +01:00:   - Local:        http://localhost:3000
2026-02-07 14:25:07 +01:00: 
2026-02-07 14:25:07 +01:00:  ✓ Starting...
2026-02-07 14:25:07 +01:00:  ✓ Ready in 424ms
2026-02-07 14:29:38 +01:00:   ▲ Next.js 14.2.35
2026-02-07 14:29:38 +01:00:   - Local:        http://localhost:3000
2026-02-07 14:29:38 +01:00: 
2026-02-07 14:29:38 +01:00:  ✓ Starting...
2026-02-07 14:29:38 +01:00:  ✓ Ready in 411ms
2026-02-07 14:35:49 +01:00:   ▲ Next.js 14.2.35
2026-02-07 14:35:49 +01:00:   - Local:        http://localhost:3000
2026-02-07 14:35:49 +01:00: 
2026-02-07 14:35:49 +01:00:  ✓ Starting...
2026-02-07 14:35:49 +01:00:  ✓ Ready in 426ms
2026-02-07 14:53:33 +01:00:   ▲ Next.js 14.2.35
2026-02-07 14:53:33 +01:00:   - Local:        http://localhost:3000
2026-02-07 14:53:33 +01:00: 
2026-02-07 14:53:33 +01:00:  ✓ Starting...
2026-02-07 14:53:34 +01:00:  ✓ Ready in 412ms
2026-02-07 14:59:21 +01:00:   ▲ Next.js 14.2.35
2026-02-07 14:59:21 +01:00:   - Local:        http://localhost:3000
2026-02-07 14:59:21 +01:00: 
2026-02-07 14:59:21 +01:00:  ✓ Starting...
2026-02-07 14:59:22 +01:00:  ✓ Ready in 417ms
2026-02-07 15:01:38 +01:00:   ▲ Next.js 14.2.35
2026-02-07 15:01:38 +01:00:   - Local:        http://localhost:3000
2026-02-07 15:01:38 +01:00: 
2026-02-07 15:01:38 +01:00:  ✓ Starting...
2026-02-07 15:01:38 +01:00:  ✓ Ready in 424ms
2026-02-07 15:09:27 +01:00:   ▲ Next.js 14.2.35
2026-02-07 15:09:27 +01:00:   - Local:        http://localhost:3000
2026-02-07 15:09:27 +01:00: 
2026-02-07 15:09:27 +01:00:  ✓ Starting...
2026-02-07 15:09:27 +01:00:  ✓ Ready in 421ms
2026-02-07 15:21:22 +01:00:   ▲ Next.js 14.2.35
2026-02-07 15:21:22 +01:00:   - Local:        http://localhost:3000
2026-02-07 15:21:22 +01:00: 
2026-02-07 15:21:22 +01:00:  ✓ Starting...
2026-02-07 15:21:22 +01:00:  ✓ Ready in 420ms
2026-02-07 15:23:48 +01:00:   ▲ Next.js 14.2.35
2026-02-07 15:23:48 +01:00:   - Local:        http://localhost:3000
2026-02-07 15:23:48 +01:00: 
2026-02-07 15:23:48 +01:00:  ✓ Starting...
2026-02-07 15:23:48 +01:00:  ✓ Ready in 426ms
2026-02-08 08:46:27 +01:00:   ▲ Next.js 14.2.35
2026-02-08 08:46:27 +01:00:   - Local:        http://localhost:3000
2026-02-08 08:46:27 +01:00: 
2026-02-08 08:46:27 +01:00:  ✓ Starting...
2026-02-08 08:46:27 +01:00:  ✓ Ready in 426ms
2026-02-08 08:50:45 +01:00:   ▲ Next.js 14.2.35
2026-02-08 08:50:45 +01:00:   - Local:        http://localhost:3000
2026-02-08 08:50:45 +01:00: 
2026-02-08 08:50:45 +01:00:  ✓ Starting...
2026-02-08 08:50:45 +01:00:  ✓ Ready in 427ms
2026-02-08 08:52:14 +01:00:   ▲ Next.js 14.2.35
2026-02-08 08:52:14 +01:00:   - Local:        http://localhost:3000
2026-02-08 08:52:14 +01:00: 
2026-02-08 08:52:14 +01:00:  ✓ Starting...
2026-02-08 08:52:14 +01:00:  ✓ Ready in 420ms
2026-02-08 08:56:41 +01:00: Looking for passkey with credentialId: 2qRlH_YG35r8EVSbpPsNdg
2026-02-08 08:56:41 +01:00: Passkey found: No
2026-02-08 08:56:41 +01:00: All passkey credentialIds: [ 'fqvQ7ibAzcVpYrAil31a_BsUzKY' ]
2026-02-08 08:58:51 +01:00:   ▲ Next.js 14.2.35
2026-02-08 08:58:51 +01:00:   - Local:        http://localhost:3000
2026-02-08 08:58:51 +01:00: 
2026-02-08 08:58:51 +01:00:  ✓ Starting...
2026-02-08 08:58:52 +01:00:  ✓ Ready in 523ms
2026-02-08 09:00:14 +01:00: Looking for passkey with credentialId: 2qRlH_YG35r8EVSbpPsNdg
2026-02-08 09:00:14 +01:00: Passkey found: No
2026-02-08 09:00:14 +01:00: All passkey credentialIds: [ 'GTuoRoOV5WNu1AuQCbgwlnPWIlo' ]
2026-02-08 09:03:24 +01:00: Looking for passkey with credentialId: 2qRlH_YG35r8EVSbpPsNdg
2026-02-08 09:03:24 +01:00: Passkey found: No
2026-02-08 09:03:24 +01:00: All passkey credentialIds: [ 'GTuoRoOV5WNu1AuQCbgwlnPWIlo' ]
2026-02-08 09:07:42 +01:00: Looking for passkey with credentialId: 2qRlH_YG35r8EVSbpPsNdg
2026-02-08 09:07:42 +01:00: Passkey found: No
2026-02-08 09:07:42 +01:00: All passkey credentialIds: [ '6y64m1kY1Qc05kDHT3EWif_MRlw' ]
2026-02-08 09:12:10 +01:00: Looking for passkey with credentialId: 2qRlH_YG35r8EVSbpPsNdg
2026-02-08 09:12:10 +01:00: Passkey found: No
2026-02-08 09:12:10 +01:00: All passkey credentialIds: [ '6y64m1kY1Qc05kDHT3EWif_MRlw' ]
2026-02-08 09:15:03 +01:00: Looking for passkey with credentialId: 2qRlH_YG35r8EVSbpPsNdg
2026-02-08 09:15:03 +01:00: Passkey found: No
2026-02-08 09:15:03 +01:00: All passkey credentialIds: [ '6y64m1kY1Qc05kDHT3EWif_MRlw' ]
2026-02-08 09:28:11 +01:00: Looking for passkey with credentialId: 2qRlH_YG35r8EVSbpPsNdg
2026-02-08 09:28:11 +01:00: Passkey found: Yes
2026-02-08 09:30:15 +01:00: Looking for passkey with credentialId: 2qRlH_YG35r8EVSbpPsNdg
2026-02-08 09:30:15 +01:00: Passkey found: No
2026-02-08 09:30:15 +01:00: All passkey credentialIds: [ 'HqTQ0wXizX2aajAJwWcyUSfsRPA' ]
2026-02-08 09:37:47 +01:00: Looking for passkey with credentialId: 2qRlH_YG35r8EVSbpPsNdg
2026-02-08 09:37:47 +01:00: Passkey found: No
2026-02-08 09:37:47 +01:00: All passkey credentialIds: [ 'HqTQ0wXizX2aajAJwWcyUSfsRPA' ]
2026-02-08 09:56:17 +01:00:   ▲ Next.js 14.2.35
2026-02-08 09:56:17 +01:00:   - Local:        http://localhost:3000
2026-02-08 09:56:17 +01:00: 
2026-02-08 09:56:17 +01:00:  ✓ Starting...
2026-02-08 09:56:17 +01:00:  ✓ Ready in 420ms
2026-02-08 09:59:51 +01:00:   ▲ Next.js 14.2.35
2026-02-08 09:59:51 +01:00:   - Local:        http://localhost:3000
2026-02-08 09:59:51 +01:00: 
2026-02-08 09:59:51 +01:00:  ✓ Starting...
2026-02-08 09:59:51 +01:00:  ✓ Ready in 424ms
2026-02-08 13:00:47 +01:00:   ▲ Next.js 14.2.35
2026-02-08 13:00:47 +01:00:   - Local:        http://localhost:3000
2026-02-08 13:00:47 +01:00: 
2026-02-08 13:00:47 +01:00:  ✓ Starting...
2026-02-08 13:00:48 +01:00:  ✓ Ready in 425ms
2026-02-08 13:06:09 +01:00:   ▲ Next.js 14.2.35
2026-02-08 13:06:09 +01:00:   - Local:        http://localhost:3000
2026-02-08 13:06:09 +01:00: 
2026-02-08 13:06:09 +01:00:  ✓ Starting...
2026-02-08 13:06:09 +01:00:  ✓ Ready in 419ms
2026-02-08 13:12:29 +01:00:   ▲ Next.js 14.2.35
2026-02-08 13:12:29 +01:00:   - Local:        http://localhost:3000
2026-02-08 13:12:29 +01:00: 
2026-02-08 13:12:29 +01:00:  ✓ Starting...
2026-02-08 13:12:29 +01:00:  ✓ Ready in 420ms
2026-02-08 13:16:57 +01:00:   ▲ Next.js 14.2.35
2026-02-08 13:16:57 +01:00:   - Local:        http://localhost:3000
2026-02-08 13:16:57 +01:00: 
2026-02-08 13:16:57 +01:00:  ✓ Starting...
2026-02-08 13:16:57 +01:00:  ✓ Ready in 421ms
2026-02-08 13:29:01 +01:00:   ▲ Next.js 14.2.35
2026-02-08 13:29:01 +01:00:   - Local:        http://localhost:3000
2026-02-08 13:29:01 +01:00: 
2026-02-08 13:29:01 +01:00:  ✓ Starting...
2026-02-08 13:29:01 +01:00:  ✓ Ready in 419ms
2026-02-08 13:53:38 +01:00:   ▲ Next.js 14.2.35
2026-02-08 13:53:38 +01:00:   - Local:        http://localhost:3000
2026-02-08 13:53:38 +01:00: 
2026-02-08 13:53:38 +01:00:  ✓ Starting...
2026-02-08 13:53:39 +01:00:  ✓ Ready in 421ms
2026-02-08 14:00:30 +01:00:   ▲ Next.js 14.2.35
2026-02-08 14:00:30 +01:00:   - Local:        http://localhost:3000
2026-02-08 14:00:30 +01:00: 
2026-02-08 14:00:30 +01:00:  ✓ Starting...
2026-02-08 14:00:30 +01:00:  ✓ Ready in 418ms
2026-02-08 14:02:06 +01:00:   ▲ Next.js 14.2.35
2026-02-08 14:02:06 +01:00:   - Local:        http://localhost:3000
2026-02-08 14:02:06 +01:00: 
2026-02-08 14:02:06 +01:00:  ✓ Starting...
2026-02-08 14:02:06 +01:00:  ✓ Ready in 433ms
2026-02-08 14:45:55 +01:00:   ▲ Next.js 14.2.35
2026-02-08 14:45:55 +01:00:   - Local:        http://localhost:3000
2026-02-08 14:45:55 +01:00: 
2026-02-08 14:45:55 +01:00:  ✓ Starting...
2026-02-08 14:45:55 +01:00:  ✓ Ready in 430ms
2026-02-08 16:41:42 +01:00:   ▲ Next.js 14.2.35
2026-02-08 16:41:42 +01:00:   - Local:        http://localhost:3000
2026-02-08 16:41:42 +01:00: 
2026-02-08 16:41:42 +01:00:  ✓ Starting...
2026-02-08 16:41:42 +01:00:  ✓ Ready in 420ms
2026-02-08 16:48:31 +01:00:   ▲ Next.js 14.2.35
2026-02-08 16:48:31 +01:00:   - Local:        http://localhost:3000
2026-02-08 16:48:31 +01:00: 
2026-02-08 16:48:31 +01:00:  ✓ Starting...
2026-02-08 16:48:31 +01:00:  ✓ Ready in 419ms
2026-02-08 16:52:33 +01:00:   ▲ Next.js 14.2.35
2026-02-08 16:52:33 +01:00:   - Local:        http://localhost:3000
2026-02-08 16:52:33 +01:00: 
2026-02-08 16:52:33 +01:00:  ✓ Starting...
2026-02-08 16:52:33 +01:00:  ✓ Ready in 431ms
2026-02-08 16:55:02 +01:00:   ▲ Next.js 14.2.35
2026-02-08 16:55:02 +01:00:   - Local:        http://localhost:3000
2026-02-08 16:55:02 +01:00: 
2026-02-08 16:55:02 +01:00:  ✓ Starting...
2026-02-08 16:55:02 +01:00:  ✓ Ready in 430ms
2026-02-08 16:57:37 +01:00:   ▲ Next.js 14.2.35
2026-02-08 16:57:37 +01:00:   - Local:        http://localhost:3000
2026-02-08 16:57:37 +01:00: 
2026-02-08 16:57:37 +01:00:  ✓ Starting...
2026-02-08 16:57:37 +01:00:  ✓ Ready in 434ms
2026-02-08 16:59:21 +01:00:   ▲ Next.js 14.2.35
2026-02-08 16:59:21 +01:00:   - Local:        http://localhost:3000
2026-02-08 16:59:21 +01:00: 
2026-02-08 16:59:21 +01:00:  ✓ Starting...
2026-02-08 16:59:21 +01:00:  ✓ Ready in 425ms
2026-02-08 17:00:27 +01:00:   ▲ Next.js 14.2.35
2026-02-08 17:00:27 +01:00:   - Local:        http://localhost:3000
2026-02-08 17:00:27 +01:00: 
2026-02-08 17:00:27 +01:00:  ✓ Starting...
2026-02-08 17:00:27 +01:00:  ✓ Ready in 422ms
2026-02-08 17:04:21 +01:00:   ▲ Next.js 14.2.35
2026-02-08 17:04:21 +01:00:   - Local:        http://localhost:3000
2026-02-08 17:04:21 +01:00: 
2026-02-08 17:04:21 +01:00:  ✓ Starting...
2026-02-08 17:04:22 +01:00:  ✓ Ready in 417ms
2026-02-09 05:50:29 +01:00:   ▲ Next.js 14.2.35
2026-02-09 05:50:29 +01:00:   - Local:        http://localhost:3000
2026-02-09 05:50:29 +01:00: 
2026-02-09 05:50:29 +01:00:  ✓ Starting...
2026-02-09 05:50:29 +01:00:  ✓ Ready in 425ms
2026-02-09 06:41:47 +01:00:   ▲ Next.js 14.2.35
2026-02-09 06:41:47 +01:00:   - Local:        http://localhost:3000
2026-02-09 06:41:47 +01:00: 
2026-02-09 06:41:47 +01:00:  ✓ Starting...
2026-02-09 06:41:47 +01:00:  ✓ Ready in 428ms
2026-02-09 07:09:41 +01:00:   ▲ Next.js 14.2.35
2026-02-09 07:09:41 +01:00:   - Local:        http://localhost:3000
2026-02-09 07:09:41 +01:00: 
2026-02-09 07:09:41 +01:00:  ✓ Starting...
2026-02-09 07:09:41 +01:00:  ✓ Ready in 433ms
2026-02-09 07:19:46 +01:00:   ▲ Next.js 14.2.35
2026-02-09 07:19:46 +01:00:   - Local:        http://localhost:3000
2026-02-09 07:19:46 +01:00: 
2026-02-09 07:19:46 +01:00:  ✓ Starting...
2026-02-09 07:19:46 +01:00:  ✓ Ready in 444ms
2026-02-09 07:42:41 +01:00:   ▲ Next.js 14.2.35
2026-02-09 07:42:41 +01:00:   - Local:        http://localhost:3000
2026-02-09 07:42:41 +01:00: 
2026-02-09 07:42:41 +01:00:  ✓ Starting...
2026-02-09 07:42:41 +01:00:  ✓ Ready in 430ms
2026-02-09 07:46:10 +01:00:   ▲ Next.js 14.2.35
2026-02-09 07:46:10 +01:00:   - Local:        http://localhost:3000
2026-02-09 07:46:10 +01:00: 
2026-02-09 07:46:10 +01:00:  ✓ Starting...
2026-02-09 07:46:10 +01:00:  ✓ Ready in 426ms
2026-02-09 07:49:04 +01:00:   ▲ Next.js 14.2.35
2026-02-09 07:49:04 +01:00:   - Local:        http://localhost:3000
2026-02-09 07:49:04 +01:00: 
2026-02-09 07:49:04 +01:00:  ✓ Starting...
2026-02-09 07:49:04 +01:00:  ✓ Ready in 431ms
2026-02-09 07:59:23 +01:00:   ▲ Next.js 14.2.35
2026-02-09 07:59:23 +01:00:   - Local:        http://localhost:3000
2026-02-09 07:59:23 +01:00: 
2026-02-09 07:59:23 +01:00:  ✓ Starting...
2026-02-09 07:59:24 +01:00:  ✓ Ready in 427ms
2026-02-09 08:24:31 +01:00:   ▲ Next.js 14.2.35
2026-02-09 08:24:31 +01:00:   - Local:        http://localhost:3000
2026-02-09 08:24:31 +01:00: 
2026-02-09 08:24:31 +01:00:  ✓ Starting...
2026-02-09 08:24:31 +01:00:  ✓ Ready in 430ms
2026-02-09 08:41:00 +01:00: [Email] New user notification sent to luca.deblasio@bluewin.ch for user test@deepterm.net
2026-02-09 08:41:00 +01:00: [Email] Welcome email sent to test@deepterm.net
2026-02-09 14:21:45 +01:00: [Email] New user notification sent to luca.deblasio@bluewin.ch for user m.patsakios@gmail.com
2026-02-09 14:21:45 +01:00: [Email] Welcome email sent to m.patsakios@gmail.com
2026-02-10 05:51:32 +01:00:   ▲ Next.js 14.2.35
2026-02-10 05:51:32 +01:00:   - Local:        http://localhost:3000
2026-02-10 05:51:32 +01:00: 
2026-02-10 05:51:32 +01:00:  ✓ Starting...
2026-02-10 05:51:32 +01:00:  ✓ Ready in 423ms
2026-02-10 05:55:41 +01:00:   ▲ Next.js 14.2.35
2026-02-10 05:55:41 +01:00:   - Local:        http://localhost:3000
2026-02-10 05:55:41 +01:00: 
2026-02-10 05:55:41 +01:00:  ✓ Starting...
2026-02-10 05:55:41 +01:00:  ✓ Ready in 452ms
2026-02-10 05:57:16 +01:00: Unhandled event type: invoice.payment_succeeded
2026-02-10 06:02:33 +01:00:   ▲ Next.js 14.2.35
2026-02-10 06:02:33 +01:00:   - Local:        http://localhost:3000
2026-02-10 06:02:33 +01:00: 
2026-02-10 06:02:33 +01:00:  ✓ Starting...
2026-02-10 06:02:33 +01:00:  ✓ Ready in 444ms
2026-02-10 06:07:15 +01:00:   ▲ Next.js 14.2.35
2026-02-10 06:07:15 +01:00:   - Local:        http://localhost:3000
2026-02-10 06:07:15 +01:00: 
2026-02-10 06:07:15 +01:00:  ✓ Starting...
2026-02-10 06:07:16 +01:00:  ✓ Ready in 426ms
2026-02-10 06:19:35 +01:00:   ▲ Next.js 14.2.35
2026-02-10 06:19:35 +01:00:   - Local:        http://localhost:3000
2026-02-10 06:19:35 +01:00: 
2026-02-10 06:19:35 +01:00:  ✓ Starting...
2026-02-10 06:19:35 +01:00:  ✓ Ready in 424ms
2026-02-10 06:24:26 +01:00:   ▲ Next.js 14.2.35
2026-02-10 06:24:26 +01:00:   - Local:        http://localhost:3000
2026-02-10 06:24:26 +01:00: 
2026-02-10 06:24:26 +01:00:  ✓ Starting...
2026-02-10 06:24:27 +01:00:  ✓ Ready in 429ms
2026-02-10 06:27:31 +01:00:   ▲ Next.js 14.2.35
2026-02-10 06:27:31 +01:00:   - Local:        http://localhost:3000
2026-02-10 06:27:31 +01:00: 
2026-02-10 06:27:31 +01:00:  ✓ Starting...
2026-02-10 06:27:32 +01:00:  ✓ Ready in 421ms
2026-02-10 06:59:56 +01:00:   ▲ Next.js 14.2.35
2026-02-10 06:59:56 +01:00:   - Local:        http://localhost:3000
2026-02-10 06:59:56 +01:00: 
2026-02-10 06:59:56 +01:00:  ✓ Starting...
2026-02-10 06:59:57 +01:00:  ✓ Ready in 538ms
2026-02-10 07:16:46 +01:00:   ▲ Next.js 14.2.35
2026-02-10 07:16:46 +01:00:   - Local:        http://localhost:3000
2026-02-10 07:16:46 +01:00: 
2026-02-10 07:16:46 +01:00:  ✓ Starting...
2026-02-10 07:16:46 +01:00:  ✓ Ready in 427ms
2026-02-10 07:18:56 +01:00:   ▲ Next.js 14.2.35
2026-02-10 07:18:56 +01:00:   - Local:        http://localhost:3000
2026-02-10 07:18:56 +01:00: 
2026-02-10 07:18:56 +01:00:  ✓ Starting...
2026-02-10 07:18:56 +01:00:  ✓ Ready in 426ms
2026-02-10 08:09:51 +01:00:   ▲ Next.js 14.2.35
2026-02-10 08:09:51 +01:00:   - Local:        http://localhost:3000
2026-02-10 08:09:51 +01:00: 
2026-02-10 08:09:51 +01:00:  ✓ Starting...
2026-02-10 08:09:51 +01:00:  ✓ Ready in 421ms
2026-02-10 08:13:55 +01:00:   ▲ Next.js 14.2.35
2026-02-10 08:13:55 +01:00:   - Local:        http://localhost:3000
2026-02-10 08:13:55 +01:00: 
2026-02-10 08:13:55 +01:00:  ✓ Starting...
2026-02-10 08:13:56 +01:00:  ✓ Ready in 428ms
2026-02-10 08:39:46 +01:00:   ▲ Next.js 14.2.35
2026-02-10 08:39:46 +01:00:   - Local:        http://localhost:3000
2026-02-10 08:39:46 +01:00: 
2026-02-10 08:39:46 +01:00:  ✓ Starting...
2026-02-10 08:39:46 +01:00:  ✓ Ready in 428ms
2026-02-10 18:12:31 +01:00:   ▲ Next.js 14.2.35
2026-02-10 18:12:31 +01:00:   - Local:        http://localhost:3000
2026-02-10 18:12:31 +01:00: 
2026-02-10 18:12:31 +01:00:  ✓ Starting...
2026-02-10 18:12:31 +01:00:  ✓ Ready in 422ms
2026-02-11 05:54:41 +01:00: prisma:error 
2026-02-11 05:54:41 +01:00: Invalid `prisma.rateLimitEntry.update()` invocation:
2026-02-11 05:54:41 +01:00: 
2026-02-11 05:54:41 +01:00: 
2026-02-11 05:54:41 +01:00: An operation failed because it depends on one or more records that were required but not found. Record to update not found.
2026-02-11 06:05:58 +01:00: prisma:error 
2026-02-11 06:05:58 +01:00: Invalid `prisma.rateLimitEntry.update()` invocation:
2026-02-11 06:05:58 +01:00: 
2026-02-11 06:05:58 +01:00: 
2026-02-11 06:05:58 +01:00: An operation failed because it depends on one or more records that were required but not found. Record to update not found.
2026-02-11 06:48:48 +01:00:   ▲ Next.js 14.2.35
2026-02-11 06:48:48 +01:00:   - Local:        http://localhost:3000
2026-02-11 06:48:48 +01:00: 
2026-02-11 06:48:48 +01:00:  ✓ Starting...
2026-02-11 06:48:48 +01:00:  ✓ Ready in 422ms
2026-02-11 06:52:37 +01:00:   ▲ Next.js 14.2.35
2026-02-11 06:52:37 +01:00:   - Local:        http://localhost:3000
2026-02-11 06:52:37 +01:00: 
2026-02-11 06:52:37 +01:00:  ✓ Starting...
2026-02-11 06:52:38 +01:00:  ✓ Ready in 425ms
2026-02-11 06:59:32 +01:00:   ▲ Next.js 14.2.35
2026-02-11 06:59:32 +01:00:   - Local:        http://localhost:3000
2026-02-11 06:59:32 +01:00: 
2026-02-11 06:59:32 +01:00:  ✓ Starting...
2026-02-11 06:59:32 +01:00:  ✓ Ready in 433ms
2026-02-12 07:34:34 +01:00:   ▲ Next.js 14.2.35
2026-02-12 07:34:34 +01:00:   - Local:        http://localhost:3000
2026-02-12 07:34:34 +01:00: 
2026-02-12 07:34:34 +01:00:  ✓ Starting...
2026-02-12 07:34:34 +01:00:  ✓ Ready in 419ms
2026-02-13 06:09:09 +01:00: prisma:error 
2026-02-13 06:09:09 +01:00: Invalid `prisma.rateLimitEntry.update()` invocation:
2026-02-13 06:09:09 +01:00: 
2026-02-13 06:09:09 +01:00: 
2026-02-13 06:09:09 +01:00: An operation failed because it depends on one or more records that were required but not found. Record to update not found.
2026-02-13 06:56:48 +01:00: prisma:error 
2026-02-13 06:56:48 +01:00: Invalid `prisma.rateLimitEntry.update()` invocation:
2026-02-13 06:56:48 +01:00: 
2026-02-13 06:56:48 +01:00: 
2026-02-13 06:56:48 +01:00: An operation failed because it depends on one or more records that were required but not found. Record to update not found.
2026-02-13 07:24:28 +01:00:   ▲ Next.js 14.2.35
2026-02-13 07:24:28 +01:00:   - Local:        http://localhost:3000
2026-02-13 07:24:28 +01:00: 
2026-02-13 07:24:28 +01:00:  ✓ Starting...
2026-02-13 07:24:28 +01:00:  ✓ Ready in 424ms
2026-02-15 05:46:47 +01:00:   ▲ Next.js 14.2.35
2026-02-15 05:46:47 +01:00:   - Local:        http://localhost:3000
2026-02-15 05:46:47 +01:00:   - Network:      http://0.0.0.0:3000
2026-02-15 05:46:47 +01:00: 
2026-02-15 05:46:47 +01:00:  ✓ Starting...
2026-02-15 05:46:47 +01:00:  ✓ Ready in 477ms
2026-02-15 06:57:45 +01:00:   ▲ Next.js 14.2.35
2026-02-15 06:57:45 +01:00:   - Local:        http://localhost:3000
2026-02-15 06:57:45 +01:00:   - Network:      http://0.0.0.0:3000
2026-02-15 06:57:45 +01:00: 
2026-02-15 06:57:45 +01:00:  ✓ Starting...
2026-02-15 06:57:46 +01:00:  ✓ Ready in 432ms
2026-02-16 02:04:01 +01:00:   ▲ Next.js 14.2.35
2026-02-16 02:04:01 +01:00:   - Local:        http://localhost:3000
2026-02-16 02:04:01 +01:00:   - Network:      http://0.0.0.0:3000
2026-02-16 02:04:01 +01:00: 
2026-02-16 02:04:01 +01:00:  ✓ Starting...
2026-02-16 02:04:02 +01:00:  ✓ Ready in 436ms
2026-02-16 02:11:14 +01:00:   ▲ Next.js 14.2.35
2026-02-16 02:11:14 +01:00:   - Local:        http://localhost:3000
2026-02-16 02:11:14 +01:00:   - Network:      http://0.0.0.0:3000
2026-02-16 02:11:14 +01:00: 
2026-02-16 02:11:14 +01:00:  ✓ Starting...
2026-02-16 02:11:14 +01:00:  ✓ Ready in 430ms
2026-02-16 02:14:38 +01:00:   ▲ Next.js 14.2.35
2026-02-16 02:14:38 +01:00:   - Local:        http://localhost:3000
2026-02-16 02:14:38 +01:00:   - Network:      http://0.0.0.0:3000
2026-02-16 02:14:38 +01:00: 
2026-02-16 02:14:38 +01:00:  ✓ Starting...
2026-02-16 02:14:39 +01:00:  ✓ Ready in 420ms
2026-02-16 02:21:10 +01:00:   ▲ Next.js 14.2.35
2026-02-16 02:21:10 +01:00:   - Local:        http://localhost:3000
2026-02-16 02:21:10 +01:00:   - Network:      http://0.0.0.0:3000
2026-02-16 02:21:10 +01:00: 
2026-02-16 02:21:10 +01:00:  ✓ Starting...
2026-02-16 02:21:10 +01:00:  ✓ Ready in 442ms
2026-02-16 02:27:57 +01:00:   ▲ Next.js 14.2.35
2026-02-16 02:27:57 +01:00:   - Local:        http://localhost:3000
2026-02-16 02:27:57 +01:00:   - Network:      http://0.0.0.0:3000
2026-02-16 02:27:57 +01:00: 
2026-02-16 02:27:57 +01:00:  ✓ Starting...
2026-02-16 02:27:58 +01:00:  ✓ Ready in 426ms
2026-02-16 02:31:25 +01:00:   ▲ Next.js 14.2.35
2026-02-16 02:31:25 +01:00:   - Local:        http://localhost:3000
2026-02-16 02:31:25 +01:00:   - Network:      http://0.0.0.0:3000
2026-02-16 02:31:25 +01:00: 
2026-02-16 02:31:25 +01:00:  ✓ Starting...
2026-02-16 02:31:25 +01:00:  ✓ Ready in 557ms
2026-02-16 02:41:27 +01:00:   ▲ Next.js 14.2.35
2026-02-16 02:41:27 +01:00:   - Local:        http://localhost:3000
2026-02-16 02:41:27 +01:00:   - Network:      http://0.0.0.0:3000
2026-02-16 02:41:27 +01:00: 
2026-02-16 02:41:27 +01:00:  ✓ Starting...
2026-02-16 02:41:27 +01:00:  ✓ Ready in 428ms
2026-02-16 02:48:35 +01:00:   ▲ Next.js 14.2.35
2026-02-16 02:48:35 +01:00:   - Local:        http://localhost:3000
2026-02-16 02:48:35 +01:00:   - Network:      http://0.0.0.0:3000
2026-02-16 02:48:35 +01:00: 
2026-02-16 02:48:35 +01:00:  ✓ Starting...
2026-02-16 02:48:35 +01:00:  ✓ Ready in 428ms
2026-02-16 03:26:10 +01:00:   ▲ Next.js 14.2.35
2026-02-16 03:26:10 +01:00:   - Local:        http://localhost:3000
2026-02-16 03:26:10 +01:00:   - Network:      http://0.0.0.0:3000
2026-02-16 03:26:10 +01:00: 
2026-02-16 03:26:10 +01:00:  ✓ Starting...
2026-02-16 03:26:10 +01:00:  ✓ Ready in 426ms
2026-02-16 03:32:45 +01:00:   ▲ Next.js 14.2.35
2026-02-16 03:32:45 +01:00:   - Local:        http://localhost:3000
2026-02-16 03:32:45 +01:00:   - Network:      http://0.0.0.0:3000
2026-02-16 03:32:45 +01:00: 
2026-02-16 03:32:45 +01:00:  ✓ Starting...
2026-02-16 03:32:45 +01:00:  ✓ Ready in 421ms
2026-02-16 03:40:08 +01:00:   ▲ Next.js 14.2.35
2026-02-16 03:40:08 +01:00:   - Local:        http://localhost:3000
2026-02-16 03:40:08 +01:00:   - Network:      http://0.0.0.0:3000
2026-02-16 03:40:08 +01:00: 
2026-02-16 03:40:08 +01:00:  ✓ Starting...
2026-02-16 03:40:09 +01:00:  ✓ Ready in 422ms
2026-02-16 04:04:43 +01:00: prisma:error 
2026-02-16 04:04:43 +01:00: Invalid `prisma.release.findFirst()` invocation:
2026-02-16 04:04:43 +01:00: 
2026-02-16 04:04:43 +01:00: {
2026-02-16 04:04:43 +01:00:   where: {
2026-02-16 04:04:43 +01:00:     platform: "macos",
2026-02-16 04:04:43 +01:00:     ~~~~~~~~
2026-02-16 04:04:43 +01:00: ?   AND?: ReleaseWhereInput | ReleaseWhereInput[],
2026-02-16 04:04:43 +01:00: ?   OR?: ReleaseWhereInput[],
2026-02-16 04:04:43 +01:00: ?   NOT?: ReleaseWhereInput | ReleaseWhereInput[],
2026-02-16 04:04:43 +01:00: ?   id?: StringFilter | String,
2026-02-16 04:04:43 +01:00: ?   version?: StringFilter | String,
2026-02-16 04:04:43 +01:00: ?   releaseNotes?: StringFilter | String,
2026-02-16 04:04:43 +01:00: ?   dmgFilename?: StringFilter | String,
2026-02-16 04:04:43 +01:00: ?   dmgPath?: StringFilter | String,
2026-02-16 04:04:43 +01:00: ?   sizeBytes?: IntNullableFilter | Int | Null,
2026-02-16 04:04:43 +01:00: ?   publishedAt?: DateTimeFilter | DateTime,
2026-02-16 04:04:43 +01:00: ?   createdBy?: StringNullableFilter | String | Null
2026-02-16 04:04:43 +01:00:   },
2026-02-16 04:04:43 +01:00:   orderBy: {
2026-02-16 04:04:43 +01:00:     publishedAt: "desc"
2026-02-16 04:04:43 +01:00:   },
2026-02-16 04:04:43 +01:00:   select: {
2026-02-16 04:04:43 +01:00:     version: true,
2026-02-16 04:04:43 +01:00:     filePath: true
2026-02-16 04:04:43 +01:00:   }
2026-02-16 04:04:43 +01:00: }
2026-02-16 04:04:43 +01:00: 
2026-02-16 04:04:43 +01:00: Unknown argument `platform`. Available options are marked with ?.
2026-02-16 04:04:43 +01:00: prisma:error 
2026-02-16 04:04:43 +01:00: Invalid `prisma.release.findFirst()` invocation:
2026-02-16 04:04:43 +01:00: 
2026-02-16 04:04:43 +01:00: {
2026-02-16 04:04:43 +01:00:   where: {
2026-02-16 04:04:43 +01:00:     platform: "windows",
2026-02-16 04:04:43 +01:00:     ~~~~~~~~
2026-02-16 04:04:43 +01:00: ?   AND?: ReleaseWhereInput | ReleaseWhereInput[],
2026-02-16 04:04:43 +01:00: ?   OR?: ReleaseWhereInput[],
2026-02-16 04:04:43 +01:00: ?   NOT?: ReleaseWhereInput | ReleaseWhereInput[],
2026-02-16 04:04:43 +01:00: ?   id?: StringFilter | String,
2026-02-16 04:04:43 +01:00: ?   version?: StringFilter | String,
2026-02-16 04:04:43 +01:00: ?   releaseNotes?: StringFilter | String,
2026-02-16 04:04:43 +01:00: ?   dmgFilename?: StringFilter | String,
2026-02-16 04:04:43 +01:00: ?   dmgPath?: StringFilter | String,
2026-02-16 04:04:43 +01:00: ?   sizeBytes?: IntNullableFilter | Int | Null,
2026-02-16 04:04:43 +01:00: ?   publishedAt?: DateTimeFilter | DateTime,
2026-02-16 04:04:43 +01:00: ?   createdBy?: StringNullableFilter | String | Null
2026-02-16 04:04:43 +01:00:   },
2026-02-16 04:04:43 +01:00:   orderBy: {
2026-02-16 04:04:43 +01:00:     publishedAt: "desc"
2026-02-16 04:04:43 +01:00:   },
2026-02-16 04:04:43 +01:00:   select: {
2026-02-16 04:04:43 +01:00:     version: true,
2026-02-16 04:04:43 +01:00:     filePath: true
2026-02-16 04:04:43 +01:00:   }
2026-02-16 04:04:43 +01:00: }
2026-02-16 04:04:43 +01:00: 
2026-02-16 04:04:43 +01:00: Unknown argument `platform`. Available options are marked with ?.
2026-02-16 04:04:43 +01:00: prisma:error 
2026-02-16 04:04:43 +01:00: Invalid `prisma.release.findFirst()` invocation:
2026-02-16 04:04:43 +01:00: 
2026-02-16 04:04:43 +01:00: {
2026-02-16 04:04:43 +01:00:   where: {
2026-02-16 04:04:43 +01:00:     platform: "linux",
2026-02-16 04:04:43 +01:00:     ~~~~~~~~
2026-02-16 04:04:43 +01:00: ?   AND?: ReleaseWhereInput | ReleaseWhereInput[],
2026-02-16 04:04:43 +01:00: ?   OR?: ReleaseWhereInput[],
2026-02-16 04:04:43 +01:00: ?   NOT?: ReleaseWhereInput | ReleaseWhereInput[],
2026-02-16 04:04:43 +01:00: ?   id?: StringFilter | String,
2026-02-16 04:04:43 +01:00: ?   version?: StringFilter | String,
2026-02-16 04:04:43 +01:00: ?   releaseNotes?: StringFilter | String,
2026-02-16 04:04:43 +01:00: ?   dmgFilename?: StringFilter | String,
2026-02-16 04:04:43 +01:00: ?   dmgPath?: StringFilter | String,
2026-02-16 04:04:43 +01:00: ?   sizeBytes?: IntNullableFilter | Int | Null,
2026-02-16 04:04:43 +01:00: ?   publishedAt?: DateTimeFilter | DateTime,
2026-02-16 04:04:43 +01:00: ?   createdBy?: StringNullableFilter | String | Null
2026-02-16 04:04:43 +01:00:   },
2026-02-16 04:04:43 +01:00:   orderBy: {
2026-02-16 04:04:43 +01:00:     publishedAt: "desc"
2026-02-16 04:04:43 +01:00:   },
2026-02-16 04:04:43 +01:00:   select: {
2026-02-16 04:04:43 +01:00:     version: true,
2026-02-16 04:04:43 +01:00:     filePath: true
2026-02-16 04:04:43 +01:00:   }
2026-02-16 04:04:43 +01:00: }
2026-02-16 04:04:43 +01:00: 
2026-02-16 04:04:43 +01:00: Unknown argument `platform`. Available options are marked with ?.
2026-02-16 04:04:43 +01:00: prisma:error 
2026-02-16 04:04:43 +01:00: Invalid `prisma.release.findFirst()` invocation:
2026-02-16 04:04:43 +01:00: 
2026-02-16 04:04:43 +01:00: {
2026-02-16 04:04:43 +01:00:   where: {
2026-02-16 04:04:43 +01:00:     platform: "ios",
2026-02-16 04:04:43 +01:00:     ~~~~~~~~
2026-02-16 04:04:43 +01:00: ?   AND?: ReleaseWhereInput | ReleaseWhereInput[],
2026-02-16 04:04:43 +01:00: ?   OR?: ReleaseWhereInput[],
2026-02-16 04:04:43 +01:00: ?   NOT?: ReleaseWhereInput | ReleaseWhereInput[],
2026-02-16 04:04:43 +01:00: ?   id?: StringFilter | String,
2026-02-16 04:04:43 +01:00: ?   version?: StringFilter | String,
2026-02-16 04:04:43 +01:00: ?   releaseNotes?: StringFilter | String,
2026-02-16 04:04:43 +01:00: ?   dmgFilename?: StringFilter | String,
2026-02-16 04:04:43 +01:00: ?   dmgPath?: StringFilter | String,
2026-02-16 04:04:43 +01:00: ?   sizeBytes?: IntNullableFilter | Int | Null,
2026-02-16 04:04:43 +01:00: ?   publishedAt?: DateTimeFilter | DateTime,
2026-02-16 04:04:43 +01:00: ?   createdBy?: StringNullableFilter | String | Null
2026-02-16 04:04:43 +01:00:   },
2026-02-16 04:04:43 +01:00:   orderBy: {
2026-02-16 04:04:43 +01:00:     publishedAt: "desc"
2026-02-16 04:04:43 +01:00:   },
2026-02-16 04:04:43 +01:00:   select: {
2026-02-16 04:04:43 +01:00:     version: true,
2026-02-16 04:04:43 +01:00:     filePath: true
2026-02-16 04:04:43 +01:00:   }
2026-02-16 04:04:43 +01:00: }
2026-02-16 04:04:43 +01:00: 
2026-02-16 04:04:43 +01:00: Unknown argument `platform`. Available options are marked with ?.
2026-02-16 04:13:21 +01:00: prisma:error 
2026-02-16 04:13:21 +01:00: Invalid `prisma.release.upsert()` invocation:
2026-02-16 04:13:21 +01:00: 
2026-02-16 04:13:21 +01:00: 
2026-02-16 04:13:21 +01:00: The column `dmgFilename` does not exist in the current database.
2026-02-16 04:18:29 +01:00: prisma:error 
2026-02-16 04:18:29 +01:00: Invalid `prisma.release.upsert()` invocation:
2026-02-16 04:18:29 +01:00: 
2026-02-16 04:18:29 +01:00: 
2026-02-16 04:18:29 +01:00: The column `dmgFilename` does not exist in the current database.
2026-02-16 04:22:10 +01:00: prisma:error 
2026-02-16 04:22:10 +01:00: Invalid `prisma.release.upsert()` invocation:
2026-02-16 04:22:10 +01:00: 
2026-02-16 04:22:10 +01:00: 
2026-02-16 04:22:10 +01:00: The column `dmgFilename` does not exist in the current database.
2026-02-16 04:44:44 +01:00:   ▲ Next.js 14.2.35
2026-02-16 04:44:44 +01:00:   - Local:        http://localhost:3000
2026-02-16 04:44:44 +01:00:   - Network:      http://0.0.0.0:3000
2026-02-16 04:44:44 +01:00: 
2026-02-16 04:44:44 +01:00:  ✓ Starting...
2026-02-16 04:44:45 +01:00:  ✓ Ready in 420ms
2026-02-16 05:10:04 +01:00:   ▲ Next.js 14.2.35
2026-02-16 05:10:04 +01:00:   - Local:        http://localhost:3000
2026-02-16 05:10:04 +01:00:   - Network:      http://0.0.0.0:3000
2026-02-16 05:10:04 +01:00: 
2026-02-16 05:10:04 +01:00:  ✓ Starting...
2026-02-16 05:10:05 +01:00:  ✓ Ready in 432ms
2026-02-16 05:14:48 +01:00:   ▲ Next.js 14.2.35
2026-02-16 05:14:48 +01:00:   - Local:        http://localhost:3000
2026-02-16 05:14:48 +01:00:   - Network:      http://0.0.0.0:3000
2026-02-16 05:14:48 +01:00: 
2026-02-16 05:14:48 +01:00:  ✓ Starting...
2026-02-16 05:14:48 +01:00:  ✓ Ready in 463ms
2026-02-17 01:23:08 +01:00:   ▲ Next.js 14.2.35
2026-02-17 01:23:08 +01:00:   - Local:        http://localhost:3000
2026-02-17 01:23:08 +01:00:   - Network:      http://0.0.0.0:3000
2026-02-17 01:23:08 +01:00: 
2026-02-17 01:23:08 +01:00:  ✓ Starting...
2026-02-17 01:23:09 +01:00:  ✓ Ready in 420ms
2026-02-17 01:30:52 +01:00:   ▲ Next.js 14.2.35
2026-02-17 01:30:52 +01:00:   - Local:        http://localhost:3000
2026-02-17 01:30:52 +01:00:   - Network:      http://0.0.0.0:3000
2026-02-17 01:30:52 +01:00: 
2026-02-17 01:30:52 +01:00:  ✓ Starting...
2026-02-17 01:30:52 +01:00:  ✓ Ready in 422ms
2026-02-17 01:47:26 +01:00:   ▲ Next.js 14.2.35
2026-02-17 01:47:26 +01:00:   - Local:        http://localhost:3000
2026-02-17 01:47:26 +01:00:   - Network:      http://0.0.0.0:3000
2026-02-17 01:47:26 +01:00: 
2026-02-17 01:47:26 +01:00:  ✓ Starting...
2026-02-17 01:47:26 +01:00:  ✓ Ready in 433ms
2026-02-17 02:32:04 +01:00: prisma:error 
2026-02-17 02:32:04 +01:00: Invalid `prisma.rateLimitEntry.update()` invocation:
2026-02-17 02:32:04 +01:00: 
2026-02-17 02:32:04 +01:00: 
2026-02-17 02:32:04 +01:00: An operation failed because it depends on one or more records that were required but not found. Record to update not found.
2026-02-17 02:38:06 +01:00: prisma:error 
2026-02-17 02:38:06 +01:00: Invalid `prisma.rateLimitEntry.update()` invocation:
2026-02-17 02:38:06 +01:00: 
2026-02-17 02:38:06 +01:00: 
2026-02-17 02:38:06 +01:00: An operation failed because it depends on one or more records that were required but not found. Record to update not found.
2026-02-17 02:56:21 +01:00:   ▲ Next.js 14.2.35
2026-02-17 02:56:21 +01:00:   - Local:        http://localhost:3000
2026-02-17 02:56:21 +01:00:   - Network:      http://0.0.0.0:3000
2026-02-17 02:56:21 +01:00: 
2026-02-17 02:56:21 +01:00:  ✓ Starting...
2026-02-17 02:56:21 +01:00:  ✓ Ready in 434ms
2026-02-17 03:25:07 +01:00:   ▲ Next.js 14.2.35
2026-02-17 03:25:07 +01:00:   - Local:        http://localhost:3000
2026-02-17 03:25:07 +01:00:   - Network:      http://0.0.0.0:3000
2026-02-17 03:25:07 +01:00: 
2026-02-17 03:25:07 +01:00:  ✓ Starting...
2026-02-17 03:25:07 +01:00:  ✓ Ready in 431ms
2026-02-17 03:26:53 +01:00: prisma:error 
2026-02-17 03:26:53 +01:00: Invalid `prisma.rateLimitEntry.update()` invocation:
2026-02-17 03:26:53 +01:00: 
2026-02-17 03:26:53 +01:00: 
2026-02-17 03:26:53 +01:00: An operation failed because it depends on one or more records that were required but not found. Record to update not found.
2026-02-19 05:03:15 +01:00: Looking for passkey with credentialId: HqTQ0wXizX2aajAJwWcyUSfsRPA
2026-02-19 05:03:15 +01:00: Passkey found: Yes
2026-02-19 05:27:55 +01:00:   ▲ Next.js 14.2.35
2026-02-19 05:27:55 +01:00:   - Local:        http://localhost:3000
2026-02-19 05:27:55 +01:00:   - Network:      http://0.0.0.0:3000
2026-02-19 05:27:55 +01:00: 
2026-02-19 05:27:55 +01:00:  ✓ Starting...
2026-02-19 05:27:55 +01:00:  ✓ Ready in 426ms
2026-02-19 05:43:27 +01:00:   ▲ Next.js 14.2.35
2026-02-19 05:43:27 +01:00:   - Local:        http://localhost:3000
2026-02-19 05:43:27 +01:00:   - Network:      http://0.0.0.0:3000
2026-02-19 05:43:27 +01:00: 
2026-02-19 05:43:27 +01:00:  ✓ Starting...
2026-02-19 05:43:27 +01:00:  ✓ Ready in 432ms
2026-02-22 15:33:06 +01:00:   ▲ Next.js 14.2.35
2026-02-22 15:33:06 +01:00:   - Local:        http://localhost:3000
2026-02-22 15:33:06 +01:00:   - Network:      http://0.0.0.0:3000
2026-02-22 15:33:06 +01:00: 
2026-02-22 15:33:06 +01:00:  ✓ Starting...
2026-02-22 15:33:06 +01:00:  ✓ Ready in 426ms
2026-02-22 15:58:46 +01:00:   ▲ Next.js 14.2.35
2026-02-22 15:58:46 +01:00:   - Local:        http://localhost:3000
2026-02-22 15:58:46 +01:00:   - Network:      http://0.0.0.0:3000
2026-02-22 15:58:46 +01:00: 
2026-02-22 15:58:46 +01:00:  ✓ Starting...
2026-02-22 15:58:46 +01:00:  ✓ Ready in 430ms
2026-02-22 16:00:42 +01:00:   ▲ Next.js 14.2.35
2026-02-22 16:00:42 +01:00:   - Local:        http://localhost:3000
2026-02-22 16:00:42 +01:00:   - Network:      http://0.0.0.0:3000
2026-02-22 16:00:42 +01:00: 
2026-02-22 16:00:42 +01:00:  ✓ Starting...
2026-02-22 16:00:42 +01:00:  ✓ Ready in 434ms
2026-02-24 06:53:50 +01:00:   ▲ Next.js 14.2.35
2026-02-24 06:53:50 +01:00:   - Local:        http://localhost:3000
2026-02-24 06:53:50 +01:00:   - Network:      http://0.0.0.0:3000
2026-02-24 06:53:50 +01:00: 
2026-02-24 06:53:50 +01:00:  ✓ Starting...
2026-02-24 06:53:50 +01:00:  ✓ Ready in 433ms
2026-02-24 08:30:45 +01:00:   ▲ Next.js 14.2.35
2026-02-24 08:30:45 +01:00:   - Local:        http://localhost:3000
2026-02-24 08:30:45 +01:00:   - Network:      http://0.0.0.0:3000
2026-02-24 08:30:45 +01:00: 
2026-02-24 08:30:45 +01:00:  ✓ Starting...
2026-02-24 08:30:45 +01:00:  ✓ Ready in 428ms
2026-02-24 08:51:15 +01:00:   ▲ Next.js 14.2.35
2026-02-24 08:51:15 +01:00:   - Local:        http://localhost:3000
2026-02-24 08:51:15 +01:00:   - Network:      http://0.0.0.0:3000
2026-02-24 08:51:15 +01:00: 
2026-02-24 08:51:15 +01:00:  ✓ Starting...
2026-02-24 08:51:15 +01:00:  ✓ Ready in 432ms
2026-02-24 09:05:30 +01:00:   ▲ Next.js 14.2.35
2026-02-24 09:05:30 +01:00:   - Local:        http://localhost:3000
2026-02-24 09:05:30 +01:00:   - Network:      http://0.0.0.0:3000
2026-02-24 09:05:30 +01:00: 
2026-02-24 09:05:30 +01:00:  ✓ Starting...
2026-02-24 09:05:31 +01:00:  ✓ Ready in 422ms
2026-02-24 09:38:09 +01:00:   ▲ Next.js 14.2.35
2026-02-24 09:38:09 +01:00:   - Local:        http://localhost:3000
2026-02-24 09:38:09 +01:00:   - Network:      http://0.0.0.0:3000
2026-02-24 09:38:09 +01:00: 
2026-02-24 09:38:09 +01:00:  ✓ Starting...
2026-02-24 09:38:10 +01:00:  ✓ Ready in 429ms
2026-02-24 09:56:32 +01:00:   ▲ Next.js 14.2.35
2026-02-24 09:56:32 +01:00:   - Local:        http://localhost:3000
2026-02-24 09:56:32 +01:00:   - Network:      http://0.0.0.0:3000
2026-02-24 09:56:32 +01:00: 
2026-02-24 09:56:32 +01:00:  ✓ Starting...
2026-02-24 09:56:32 +01:00:  ✓ Ready in 431ms
